<?xml version="1.0" encoding="UTF-8"?>
<!-- Generated by org.testng.reporters.JUnitReportReporter -->
<testsuite skipped="0" hostname="Abhishek-PC" name="basicSeleniumPrograms.TakeScreenshotExample" tests="1" failures="0" timestamp="07 Oct 2018 11:18:26 GMT" time="11.757" errors="0">
  <testcase name="openBrowser" time="11.757" classname="basicSeleniumPrograms.TakeScreenshotExample"/>
</testsuite> <!-- basicSeleniumPrograms.TakeScreenshotExample -->
